<?xml version="1.0" encoding="UTF-8"?>
<!-- Generated by org.testng.reporters.JUnitReportReporter -->
<testsuite hostname="home-laptop" failures="0" tests="1" name="com.onlinebooking.testcases.Test_HomePage" time="16.955" errors="0" timestamp="2023-02-09T15:45:37 IST" skipped="0">
  <testcase classname="com.onlinebooking.testcases.Test_HomePage" name="demoTest" time="16.955"/>
  <system-out/>
</testsuite> <!-- com.onlinebooking.testcases.Test_HomePage -->
